<?xml version="1.0" encoding="UTF-8"?>
<!-- Generated by org.testng.reporters.JUnitReportReporter -->
<testsuite hostname="DESKTOP-83F161J" failures="0" tests="1" name="com.lambdatest.TestNGTodo" time="7.125" errors="0" timestamp="20 Aug 2018 11:35:01 GMT" skipped="0">
  <testcase classname="com.lambdatest.TestNGTodo" name="basicTest" time="7.125"/>
</testsuite> <!-- com.lambdatest.TestNGTodo -->
